<?xml version="1.0" encoding="UTF-8"?>
<testsuites name="20191001_165025" timestamp="2019-10-01T16:50:25" time="84.127" tests="58" errors="8">
  <testsuite id="1" name="OHRM_02_features" package="OHRM_02_features" hostname="ATMECSINDT-055" timestamp="2019-10-01T16:50:27" time="81.804" tests="58" errors="8">
    <properties>
      <property name="Run From" value="ATMECSINDT-055" />
      <property name="Run OS" value="amd64 Windows 10 10.0" />
      <property name="Run User" value="Sandhiya.Munisamy" />
      <property name="Iteration" value="1 of 1" />
      <property name="Script" value="OHRM_02_features.xlsx" />
      <property name="Logs" value="C:\projects\OrangeHRMWebApplication\output\20191001_165025\logs\nexial-20191001_165025.log" />
      <property name="Data File" value="OHRM_02_features.data.xlsx" />
      <property name="DataSheet(s)" value="#default" />
      <property name="JAVA_OPT" value="-Dorg.apache.poi.util.POILogger=org.apache.poi.util.NullLogger" />
      <property name="runtime args" value="-script C:\projects\OrangeHRMWebApplication\artifact\script\OHRM_02_features.xlsx" />
    </properties>
    <testcase id="Feature-Personnel Information Management (PIM)" name="Feature-Personnel Information Management (PIM)" classname="Personnel Information Managemen" timestamp="2019-10-01T16:50:30" time="77.943">
      <system-out>Total : 23
Passed: 23
Failed: 0
Output: C:\projects\OrangeHRMWebApplication\output\20191001_165025\OHRM_02_features.20191001_165027.001.xlsx
Logs  : C:\projects\OrangeHRMWebApplication\output\20191001_165025\logs\nexial-20191001_165025.log</system-out>
    </testcase>
    <testcase id="Feature-Leave/ Time off Management" name="Feature-Leave/ Time off Management" classname="Leave or  Time off Management" timestamp="2019-10-01T16:51:04" time="44.741">
      <system-out>Total : 16
Passed: 16
Failed: 0
Output: C:\projects\OrangeHRMWebApplication\output\20191001_165025\OHRM_02_features.20191001_165027.001.xlsx
Logs  : C:\projects\OrangeHRMWebApplication\output\20191001_165025\logs\nexial-20191001_165025.log</system-out>
    </testcase>
    <testcase id="Feature-Time &amp; Attendance Management" name="Feature-Time &amp; Attendance Management" classname="Time &amp; Attendance Management" timestamp="2019-10-01T16:51:23" time="25.737">
      <failure type="failure found in test activity" message="8 of 19 FAILED. Check C:\projects\OrangeHRMWebApplication\output\20191001_165025\OHRM_02_features.20191001_165027.001.xlsx for execution result, C:\projects\OrangeHRMWebApplication\output\20191001_165025\logs\nexial-20191001_165025.log for execution logs" />
      <system-out>Total : 19
Passed: 11
Failed: 8
Output: C:\projects\OrangeHRMWebApplication\output\20191001_165025\OHRM_02_features.20191001_165027.001.xlsx
Logs  : C:\projects\OrangeHRMWebApplication\output\20191001_165025\logs\nexial-20191001_165025.log</system-out>
    </testcase>
  </testsuite>
</testsuites>
