<?xml version="1.0" encoding="UTF-8"?>
<testsuites name="20191003_190105" timestamp="2019-10-03T19:01:05" time="25.181" tests="1" errors="1">
  <testsuite id="1" name="OHRM_01_signup" package="OHRM_01_signup" hostname="ATMECSINDT-055" timestamp="2019-10-03T19:01:07" time="19.865" tests="1" errors="1">
    <properties>
      <property name="Run From" value="ATMECSINDT-055" />
      <property name="Run OS" value="amd64 Windows 10 10.0" />
      <property name="Run User" value="Sandhiya.Munisamy" />
      <property name="Iteration" value="1 of 1" />
      <property name="Script" value="OHRM_01_signup.xlsx" />
      <property name="Logs" value="C:\projects\OrangeHRMWebApplication\output\20191003_190105\logs\nexial-20191003_190105.log" />
      <property name="Data File" value="OHRM_01_signup.data.xlsx" />
      <property name="DataSheet(s)" value="#default" />
      <property name="JAVA_OPT" value="-Dorg.apache.poi.util.POILogger=org.apache.poi.util.NullLogger" />
      <property name="runtime args" value="-script C:\projects\OrangeHRMWebApplication\artifact\script\OHRM_01_signup.xlsx" />
    </properties>
    <testcase id="Openurl" name="Openurl" classname="signup" timestamp="2019-10-03T19:01:10" time="17.053">
      <failure type="failure found in test activity" message="1 of 1 FAILED. Check C:\projects\OrangeHRMWebApplication\output\20191003_190105\OHRM_01_signup.20191003_190107.001.xlsx for execution result, C:\projects\OrangeHRMWebApplication\output\20191003_190105\logs\nexial-20191003_190105.log for execution logs" />
      <system-out>Total : 1
Passed: 0
Failed: 1
Output: C:\projects\OrangeHRMWebApplication\output\20191003_190105\OHRM_01_signup.20191003_190107.001.xlsx
Logs  : C:\projects\OrangeHRMWebApplication\output\20191003_190105\logs\nexial-20191003_190105.log</system-out>
    </testcase>
  </testsuite>
</testsuites>
