<?xml version="1.0" encoding="UTF-8"?>
<testsuites name="20191004_115145" timestamp="2019-10-04T11:51:45" time="7.030" tests="1" errors="1">
  <testsuite id="1" name="OHRM_01_signup" package="OHRM_01_signup" hostname="ATMECSINDT-055" timestamp="2019-10-04T11:51:47" time="3.276" tests="1" errors="1">
    <properties>
      <property name="Run From" value="ATMECSINDT-055" />
      <property name="Run OS" value="amd64 Windows 10 10.0" />
      <property name="Run User" value="Sandhiya.Munisamy" />
      <property name="Iteration" value="1 of 1" />
      <property name="Script" value="OHRM_01_signup.xlsx" />
      <property name="Logs" value="C:\projects\OrangeHRMWebApplication\output\20191004_115145\logs\nexial-20191004_115145.log" />
      <property name="Data File" value="OHRM_01_signup.data.xlsx" />
      <property name="DataSheet(s)" value="#default" />
      <property name="JAVA_OPT" value="-Dorg.apache.poi.util.POILogger=org.apache.poi.util.NullLogger" />
      <property name="runtime args" value="-script C:\projects\OrangeHRMWebApplication\artifact\script\OHRM_01_signup.xlsx" />
    </properties>
    <testcase id="Openurl" name="Openurl" classname="signup" timestamp="2019-10-04T11:51:49" time="1.190">
      <failure type="failure found in test activity" message="1 of 1 FAILED. Check C:\projects\OrangeHRMWebApplication\output\20191004_115145\OHRM_01_signup.20191004_115147.001.xlsx for execution result, C:\projects\OrangeHRMWebApplication\output\20191004_115145\logs\nexial-20191004_115145.log for execution logs" />
      <system-out>Total : 1
Passed: 0
Failed: 1
Output: C:\projects\OrangeHRMWebApplication\output\20191004_115145\OHRM_01_signup.20191004_115147.001.xlsx
Logs  : C:\projects\OrangeHRMWebApplication\output\20191004_115145\logs\nexial-20191004_115145.log</system-out>
    </testcase>
  </testsuite>
</testsuites>
