<?xml version="1.0" encoding="UTF-8"?>
<testsuites name="20191001_121839" timestamp="2019-10-01T12:18:39" time="42.254" tests="16" errors="1">
  <testsuite id="1" name="OHRM_02_features" package="OHRM_02_features" hostname="ATMECSINDT-055" timestamp="2019-10-01T12:18:41" time="36.346" tests="16" errors="1">
    <properties>
      <property name="Run From" value="ATMECSINDT-055" />
      <property name="Run OS" value="amd64 Windows 10 10.0" />
      <property name="Run User" value="Sandhiya.Munisamy" />
      <property name="Iteration" value="1 of 1" />
      <property name="Script" value="OHRM_02_features.xlsx" />
      <property name="Logs" value="C:\projects\OrangeHRMWebApplication\output\20191001_121839\logs\nexial-20191001_121839.log" />
      <property name="Data File" value="OHRM_02_features.data.xlsx" />
      <property name="DataSheet(s)" value="#default" />
      <property name="JAVA_OPT" value="-Dorg.apache.poi.util.POILogger=org.apache.poi.util.NullLogger" />
      <property name="runtime args" value="-script C:\projects\OrangeHRMWebApplication\artifact\script\OHRM_02_features.xlsx" />
    </properties>
    <testcase id="Features" name="Features" classname="orangehrm" timestamp="2019-10-01T12:18:44" time="33.360">
      <failure type="failure found in test activity" message="1 of 16 FAILED. Check C:\projects\OrangeHRMWebApplication\output\20191001_121839\OHRM_02_features.20191001_121841.001.xlsx for execution result, C:\projects\OrangeHRMWebApplication\output\20191001_121839\logs\nexial-20191001_121839.log for execution logs" />
      <system-out>Total : 16
Passed: 15
Failed: 1
Output: C:\projects\OrangeHRMWebApplication\output\20191001_121839\OHRM_02_features.20191001_121841.001.xlsx
Logs  : C:\projects\OrangeHRMWebApplication\output\20191001_121839\logs\nexial-20191001_121839.log</system-out>
    </testcase>
  </testsuite>
</testsuites>
