<?xml version="1.0" encoding="UTF-8"?>
<testsuites name="20191003_130456" timestamp="2019-10-03T13:04:56" time="22.107" tests="1" errors="1">
  <testsuite id="1001" name="1 OHRM_01_signup" package="1 OHRM_01_signup" hostname="ATMECSINDT-055" timestamp="2019-10-03T13:04:58" time="17.769" tests="1" errors="1">
    <properties>
      <property name="Run From" value="ATMECSINDT-055" />
      <property name="Run OS" value="amd64 Windows 10 10.0" />
      <property name="Run User" value="ATMECSINDT-055$" />
      <property name="Iteration" value="1 of 1" />
      <property name="Script" value="OHRM_01_signup.xlsx" />
      <property name="Logs" value="C:\projects\OrangeHRMWebApplication\output\20191003_130456\logs\nexial-20191003_130456.log" />
      <property name="Data File" value="OHRM_01_signup.data.xlsx" />
      <property name="DataSheet(s)" value="#default" />
      <property name="JAVA_OPT" value="-Dorg.apache.poi.util.POILogger=org.apache.poi.util.NullLogger" />
      <property name="runtime args" value="-plan C:\projects\OrangeHRMWebApplication\artifact\plan\OrangeHRMWebApplication-plan.xlsx" />
    </properties>
    <testcase id="Openurl" name="Openurl" classname="signup" timestamp="2019-10-03T13:05:00" time="15.153">
      <failure type="failure found in test activity" message="1 of 1 FAILED. Check C:\projects\OrangeHRMWebApplication\output\20191003_130456\OrangeHRMWebApplication-plan.001,OHRM_01_signup.20191003_130458.001.xlsx for execution result, C:\projects\OrangeHRMWebApplication\output\20191003_130456\logs\nexial-20191003_130456.log for execution logs" />
      <system-out>Total : 1
Passed: 0
Failed: 1
Output: C:\projects\OrangeHRMWebApplication\output\20191003_130456\OrangeHRMWebApplication-plan.001,OHRM_01_signup.20191003_130458.001.xlsx
Logs  : C:\projects\OrangeHRMWebApplication\output\20191003_130456\logs\nexial-20191003_130456.log</system-out>
    </testcase>
  </testsuite>
</testsuites>
