<?xml version="1.0" encoding="UTF-8"?>
<testsuites name="20191001_162002" timestamp="2019-10-01T16:20:02" time="44.156" tests="24" errors="2">
  <testsuite id="1" name="OHRM_02_features" package="OHRM_02_features" hostname="ATMECSINDT-055" timestamp="2019-10-01T16:20:04" time="40.683" tests="24" errors="2">
    <properties>
      <property name="Run From" value="ATMECSINDT-055" />
      <property name="Run OS" value="amd64 Windows 10 10.0" />
      <property name="Run User" value="Sandhiya.Munisamy" />
      <property name="Iteration" value="1 of 1" />
      <property name="Script" value="OHRM_02_features.xlsx" />
      <property name="Logs" value="C:\projects\OrangeHRMWebApplication\output\20191001_162002\logs\nexial-20191001_162002.log" />
      <property name="Data File" value="OHRM_02_features.data.xlsx" />
      <property name="DataSheet(s)" value="#default" />
      <property name="JAVA_OPT" value="-Dorg.apache.poi.util.POILogger=org.apache.poi.util.NullLogger" />
      <property name="runtime args" value="-script C:\projects\OrangeHRMWebApplication\artifact\script\OHRM_02_features.xlsx" />
    </properties>
    <testcase id="Feature-Personnel Information Management (PIM)" name="Feature-Personnel Information Management (PIM)" classname="Personnel Information Managemen" timestamp="2019-10-01T16:20:08" time="35.762">
      <failure type="failure found in test activity" message="2 of 24 FAILED. Check C:\projects\OrangeHRMWebApplication\output\20191001_162002\OHRM_02_features.20191001_162004.001.xlsx for execution result, C:\projects\OrangeHRMWebApplication\output\20191001_162002\logs\nexial-20191001_162002.log for execution logs" />
      <system-out>Total : 24
Passed: 22
Failed: 2
Output: C:\projects\OrangeHRMWebApplication\output\20191001_162002\OHRM_02_features.20191001_162004.001.xlsx
Logs  : C:\projects\OrangeHRMWebApplication\output\20191001_162002\logs\nexial-20191001_162002.log</system-out>
    </testcase>
  </testsuite>
</testsuites>
