<?xml version="1.0" encoding="UTF-8"?>
<testsuites name="20191001_164218" timestamp="2019-10-01T16:42:18" time="43.160" tests="22" errors="1">
  <testsuite id="1" name="OHRM_02_features" package="OHRM_02_features" hostname="ATMECSINDT-055" timestamp="2019-10-01T16:42:20" time="39.716" tests="22" errors="1">
    <properties>
      <property name="Run From" value="ATMECSINDT-055" />
      <property name="Run OS" value="amd64 Windows 10 10.0" />
      <property name="Run User" value="Sandhiya.Munisamy" />
      <property name="Iteration" value="1 of 1" />
      <property name="Script" value="OHRM_02_features.xlsx" />
      <property name="Logs" value="C:\projects\OrangeHRMWebApplication\output\20191001_164218\logs\nexial-20191001_164218.log" />
      <property name="Data File" value="OHRM_02_features.data.xlsx" />
      <property name="DataSheet(s)" value="#default" />
      <property name="JAVA_OPT" value="-Dorg.apache.poi.util.POILogger=org.apache.poi.util.NullLogger" />
      <property name="runtime args" value="-script C:\projects\OrangeHRMWebApplication\artifact\script\OHRM_02_features.xlsx" />
    </properties>
    <testcase id="Feature-Personnel Information Management (PIM)" name="Feature-Personnel Information Management (PIM)" classname="Personnel Information Managemen" timestamp="2019-10-01T16:42:25" time="34.651">
      <failure type="failure found in test activity" message="1 of 22 FAILED. Check C:\projects\OrangeHRMWebApplication\output\20191001_164218\OHRM_02_features.20191001_164220.001.xlsx for execution result, C:\projects\OrangeHRMWebApplication\output\20191001_164218\logs\nexial-20191001_164218.log for execution logs" />
      <system-out>Total : 22
Passed: 21
Failed: 1
Output: C:\projects\OrangeHRMWebApplication\output\20191001_164218\OHRM_02_features.20191001_164220.001.xlsx
Logs  : C:\projects\OrangeHRMWebApplication\output\20191001_164218\logs\nexial-20191001_164218.log</system-out>
    </testcase>
  </testsuite>
</testsuites>
